<?xml version="1.0" encoding="UTF-8"?>
<testng-results skipped="0" failed="0" ignored="0" total="1" passed="1">
  <reporter-output>
  </reporter-output>
  <suite name="Default suite" duration-ms="673" started-at="2022-05-02T11:52:18Z" finished-at="2022-05-02T11:52:19Z">
    <groups>
    </groups>
    <test name="Default test" duration-ms="673" started-at="2022-05-02T11:52:18Z" finished-at="2022-05-02T11:52:19Z">
      <class name="testCases.Testloginpage">
        <test-method status="PASS" signature="chromeDriverLaunch()[pri:0, instance:testCases.Testloginpage@3fee9989]" name="chromeDriverLaunch" is-config="true" duration-ms="5666" started-at="2022-05-02T11:52:13Z" finished-at="2022-05-02T11:52:18Z">
          <reporter-output>
          </reporter-output>
        </test-method> <!-- chromeDriverLaunch -->
        <test-method status="PASS" signature="loginpage()[pri:0, instance:testCases.Testloginpage@3fee9989]" name="loginpage" duration-ms="459" started-at="2022-05-02T11:52:18Z" finished-at="2022-05-02T11:52:19Z">
          <reporter-output>
          </reporter-output>
        </test-method> <!-- loginpage -->
        <test-method status="PASS" signature="teardownScreenshot(org.testng.ITestResult)[pri:0, instance:testCases.Testloginpage@3fee9989]" name="teardownScreenshot" is-config="true" duration-ms="173" started-at="2022-05-02T11:52:19Z" finished-at="2022-05-02T11:52:19Z">
          <params>
            <param index="0">
              <value>
                <![CDATA[[TestResult name=loginpage status=SUCCESS method=Testloginpage.loginpage()[pri:0, instance:testCases.Testloginpage@3fee9989] output={null}]]]>
              </value>
            </param>
          </params>
          <reporter-output>
          </reporter-output>
        </test-method> <!-- teardownScreenshot -->
        <test-method status="PASS" signature="tearDown()[pri:0, instance:testCases.Testloginpage@3fee9989]" name="tearDown" is-config="true" duration-ms="611" started-at="2022-05-02T11:52:19Z" finished-at="2022-05-02T11:52:20Z">
          <reporter-output>
          </reporter-output>
        </test-method> <!-- tearDown -->
      </class> <!-- testCases.Testloginpage -->
    </test> <!-- Default test -->
  </suite> <!-- Default suite -->
</testng-results>
